<?xml version="1.0" encoding="UTF-8"?>
<!-- Generated by org.testng.reporters.JUnitXMLReporter -->
<testsuite hostname="LAPTOP-DPGT6E53" ignored="1" name="Default test" tests="4" failures="0" timestamp="15 Jan 2019 08:21:02 GMT" time="0.061" errors="0">
  <testcase name="createUser" time="0.009" classname="qsp.DemoTestNGGroup"/>
  <testcase name="deleteUser" time="0.002" classname="qsp.DemoTestNGGroup"/>
  <testcase name="createProduct" time="0.001" classname="qsp.DemoTestNGGroup"/>
  <testcase name="deleteProduct" time="0.001" classname="qsp.DemoTestNGGroup"/>
  <testcase name="editUser" time="0.0" classname="qsp.DemoTestNGGroup">
    <ignored/>
  </testcase> <!-- editUser -->
</testsuite> <!-- Default test -->
