<?xml version="1.0" encoding="UTF-8"?>
<!-- Generated by org.testng.reporters.JUnitXMLReporter -->
<testsuite hostname="LAPTOP-DPGT6E53" ignored="4" name="none" tests="2" failures="0" timestamp="11 Jan 2019 11:03:47 GMT" time="0.06" errors="0">
  <testcase name="abc4" time="0.016" classname="qsp.Group"/>
  <testcase name="abc6" time="0.003" classname="qsp.Group"/>
  <testcase name="abc3" time="0.0" classname="qsp.Group">
    <ignored/>
  </testcase> <!-- abc3 -->
  <testcase name="abc5" time="0.0" classname="qsp.Group">
    <ignored/>
  </testcase> <!-- abc5 -->
  <testcase name="abc2" time="0.0" classname="qsp.Group">
    <ignored/>
  </testcase> <!-- abc2 -->
  <testcase name="abc1" time="0.0" classname="qsp.Group">
    <ignored/>
  </testcase> <!-- abc1 -->
</testsuite> <!-- none -->
